<?xml version="1.0" encoding="UTF-8"?>
<!-- Generated by org.testng.reporters.JUnitReportReporter -->
<testsuite hostname="LAPTOP-I0G0DV6M" failures="0" tests="1" name="testDrivers.TestDriver" time="87.196" errors="0" timestamp="2022-01-11T15:08:04 IST" skipped="0">
  <testcase classname="testDrivers.TestDriver" name="tDriver" time="87.196"/>
  <system-out/>
</testsuite> <!-- testDrivers.TestDriver -->
