<?xml version="1.0" encoding="UTF-8"?>
<!-- Generated by org.testng.reporters.JUnitReportReporter -->
<testsuite hostname="LAPTOP-I0G0DV6M" failures="0" tests="1" name="testDrivers.TestDriver" time="90.209" errors="0" timestamp="2022-01-11T16:13:13 IST" skipped="0">
  <testcase classname="testDrivers.TestDriver" name="tDriver" time="90.209"/>
  <system-out/>
</testsuite> <!-- testDrivers.TestDriver -->
