<?xml version="1.0" encoding="UTF-8"?>
<!-- Generated by org.testng.reporters.JUnitReportReporter -->
<testsuite hostname="LAPTOP-I0G0DV6M" failures="0" tests="1" name="testDrivers.TestDriver" time="9.902" errors="0" timestamp="2021-11-23T12:39:52 IST" skipped="0">
  <testcase classname="testDrivers.TestDriver" name="tDriver" time="9.902"/>
  <system-out/>
</testsuite> <!-- testDrivers.TestDriver -->
