<?xml version="1.0" encoding="UTF-8"?>
<!-- Generated by org.testng.reporters.JUnitReportReporter -->
<testsuite hostname="LAPTOP-I0G0DV6M" failures="0" tests="2" name="testDrivers.TestDriver" time="153.693" errors="0" timestamp="2021-11-25T23:29:09 IST" skipped="0">
  <testcase classname="testDrivers.TestDriver" name="tDriver" time="74.442"/>
  <system-out/>
  <testcase classname="testDrivers.TestDriver" name="tDriver" time="79.251"/>
  <system-out/>
</testsuite> <!-- testDrivers.TestDriver -->
