<?xml version="1.0" encoding="UTF-8"?>
<!-- Generated by org.testng.reporters.JUnitReportReporter -->
<testsuite hostname="LAPTOP-I0G0DV6M" failures="0" tests="3" name="testDrivers.TestDriver" time="253.839" errors="0" timestamp="2021-12-30T11:56:42 IST" skipped="0">
  <testcase classname="testDrivers.TestDriver" name="tDriver" time="91.629"/>
  <system-out/>
  <testcase classname="testDrivers.TestDriver" name="tDriver" time="95.560"/>
  <system-out/>
  <testcase classname="testDrivers.TestDriver" name="tDriver" time="66.650"/>
  <system-out/>
</testsuite> <!-- testDrivers.TestDriver -->
